<?xml version="1.0" encoding="UTF-8"?>
<testsuite xmlns:xsi="http://www.w3.org/2001/XMLSchema-instance" xsi:noNamespaceSchemaLocation="https://maven.apache.org/surefire/maven-surefire-plugin/xsd/surefire-test-report-3.0.xsd" version="3.0" name="TestSuite" time="21.104" tests="1" errors="0" skipped="0" failures="0">
  <properties>
    <property name="java.specification.version" value="22"/>
    <property name="sun.cpu.isalist" value="amd64"/>
    <property name="sun.jnu.encoding" value="Cp1252"/>
    <property name="java.class.path" value="C:\Users\chk017\.m2\repository\org\apache\maven\surefire\surefire-booter\3.0.0-M5\surefire-booter-3.0.0-M5.jar;C:\Users\chk017\.m2\repository\org\apache\maven\surefire\surefire-api\3.0.0-M5\surefire-api-3.0.0-M5.jar;C:\Users\chk017\.m2\repository\org\apache\maven\surefire\surefire-logger-api\3.0.0-M5\surefire-logger-api-3.0.0-M5.jar;C:\Users\chk017\.m2\repository\org\apache\maven\surefire\surefire-shared-utils\3.0.0-M4\surefire-shared-utils-3.0.0-M4.jar;C:\Users\chk017\.m2\repository\org\apache\maven\surefire\surefire-extensions-spi\3.0.0-M5\surefire-extensions-spi-3.0.0-M5.jar;E:\eclipse-workspace\Playwright\target\test-classes;E:\eclipse-workspace\Playwright\target\classes;C:\Users\chk017\.m2\repository\com\microsoft\playwright\playwright\1.51.0\playwright-1.51.0.jar;C:\Users\chk017\.m2\repository\com\google\code\gson\gson\2.12.1\gson-2.12.1.jar;C:\Users\chk017\.m2\repository\com\google\errorprone\error_prone_annotations\2.36.0\error_prone_annotations-2.36.0.jar;C:\Users\chk017\.m2\repository\org\opentest4j\opentest4j\1.3.0\opentest4j-1.3.0.jar;C:\Users\chk017\.m2\repository\com\microsoft\playwright\driver\1.51.0\driver-1.51.0.jar;C:\Users\chk017\.m2\repository\com\microsoft\playwright\driver-bundle\1.51.0\driver-bundle-1.51.0.jar;C:\Users\chk017\.m2\repository\org\testng\testng\7.10.2\testng-7.10.2.jar;C:\Users\chk017\.m2\repository\com\beust\jcommander\1.82\jcommander-1.82.jar;C:\Users\chk017\.m2\repository\org\webjars\jquery\3.7.1\jquery-3.7.1.jar;C:\Users\chk017\.m2\repository\com\aventstack\extentreports\5.1.2\extentreports-5.1.2.jar;C:\Users\chk017\.m2\repository\io\reactivex\rxjava3\rxjava\3.1.6\rxjava-3.1.6.jar;C:\Users\chk017\.m2\repository\org\reactivestreams\reactive-streams\1.0.4\reactive-streams-1.0.4.jar;C:\Users\chk017\.m2\repository\org\freemarker\freemarker\2.3.32\freemarker-2.3.32.jar;C:\Users\chk017\.m2\repository\org\projectlombok\lombok\1.18.26\lombok-1.18.26.jar;C:\Users\chk017\.m2\repository\org\apache\directory\studio\org.apache.commons.io\2.4\org.apache.commons.io-2.4.jar;C:\Users\chk017\.m2\repository\commons-io\commons-io\2.4\commons-io-2.4.jar;C:\Users\chk017\.m2\repository\io\rest-assured\rest-assured\3.1.0\rest-assured-3.1.0.jar;C:\Users\chk017\.m2\repository\org\codehaus\groovy\groovy\2.4.12\groovy-2.4.12.jar;C:\Users\chk017\.m2\repository\org\codehaus\groovy\groovy-xml\2.4.12\groovy-xml-2.4.12.jar;C:\Users\chk017\.m2\repository\org\apache\httpcomponents\httpclient\4.5.3\httpclient-4.5.3.jar;C:\Users\chk017\.m2\repository\org\apache\httpcomponents\httpcore\4.4.6\httpcore-4.4.6.jar;C:\Users\chk017\.m2\repository\commons-logging\commons-logging\1.2\commons-logging-1.2.jar;C:\Users\chk017\.m2\repository\org\apache\httpcomponents\httpmime\4.5.1\httpmime-4.5.1.jar;C:\Users\chk017\.m2\repository\org\hamcrest\hamcrest-core\1.3\hamcrest-core-1.3.jar;C:\Users\chk017\.m2\repository\org\hamcrest\hamcrest-library\1.3\hamcrest-library-1.3.jar;C:\Users\chk017\.m2\repository\org\ccil\cowan\tagsoup\tagsoup\1.2.1\tagsoup-1.2.1.jar;C:\Users\chk017\.m2\repository\io\rest-assured\json-path\3.1.0\json-path-3.1.0.jar;C:\Users\chk017\.m2\repository\org\codehaus\groovy\groovy-json\2.4.12\groovy-json-2.4.12.jar;C:\Users\chk017\.m2\repository\io\rest-assured\rest-assured-common\3.1.0\rest-assured-common-3.1.0.jar;C:\Users\chk017\.m2\repository\io\rest-assured\xml-path\3.1.0\xml-path-3.1.0.jar;C:\Users\chk017\.m2\repository\org\apache\commons\commons-lang3\3.4\commons-lang3-3.4.jar;C:\Users\chk017\.m2\repository\javax\xml\bind\jaxb-api\2.2.12\jaxb-api-2.2.12.jar;C:\Users\chk017\.m2\repository\com\googlecode\json-simple\json-simple\1.1\json-simple-1.1.jar;C:\Users\chk017\.m2\repository\org\sonarsource\scanner\maven\sonar-maven-plugin\3.8.0.2131\sonar-maven-plugin-3.8.0.2131.jar;C:\Users\chk017\.m2\repository\org\sonatype\plexus\plexus-sec-dispatcher\1.4\plexus-sec-dispatcher-1.4.jar;C:\Users\chk017\.m2\repository\org\sonatype\plexus\plexus-cipher\1.4\plexus-cipher-1.4.jar;C:\Users\chk017\.m2\repository\org\codehaus\plexus\plexus-utils\3.2.1\plexus-utils-3.2.1.jar;C:\Users\chk017\.m2\repository\org\sonarsource\scanner\api\sonar-scanner-api\2.16.0.226\sonar-scanner-api-2.16.0.226.jar;C:\Users\chk017\.m2\repository\commons-lang\commons-lang\2.6\commons-lang-2.6.jar;C:\Users\chk017\.m2\repository\org\checkerframework\jdk8\3.3.0\jdk8-3.3.0.jar;C:\Users\chk017\.m2\repository\de\taimos\totp\1.0\totp-1.0.jar;C:\Users\chk017\.m2\repository\commons-codec\commons-codec\1.8\commons-codec-1.8.jar;C:\Users\chk017\.m2\repository\ch\qos\logback\logback-core\1.5.11\logback-core-1.5.11.jar;C:\Users\chk017\.m2\repository\ch\qos\logback\logback-classic\1.5.11\logback-classic-1.5.11.jar;C:\Users\chk017\.m2\repository\org\slf4j\slf4j-api\2.0.16\slf4j-api-2.0.16.jar;C:\Users\chk017\.m2\repository\org\apache\poi\poi\4.1.1\poi-4.1.1.jar;C:\Users\chk017\.m2\repository\org\apache\commons\commons-collections4\4.4\commons-collections4-4.4.jar;C:\Users\chk017\.m2\repository\org\apache\commons\commons-math3\3.6.1\commons-math3-3.6.1.jar;C:\Users\chk017\.m2\repository\com\browserstack\browserstack-local-java\1.0.3\browserstack-local-java-1.0.3.jar;C:\Users\chk017\.m2\repository\org\json\json\20160212\json-20160212.jar;C:\Users\chk017\.m2\repository\net\sourceforge\jexcelapi\jxl\2.6.3\jxl-2.6.3.jar;C:\Users\chk017\.m2\repository\log4j\log4j\1.2.14\log4j-1.2.14.jar;C:\Users\chk017\.m2\repository\org\apache\poi\poi-ooxml\4.1.1\poi-ooxml-4.1.1.jar;C:\Users\chk017\.m2\repository\org\apache\poi\poi-ooxml-schemas\4.1.1\poi-ooxml-schemas-4.1.1.jar;C:\Users\chk017\.m2\repository\org\apache\xmlbeans\xmlbeans\3.1.0\xmlbeans-3.1.0.jar;C:\Users\chk017\.m2\repository\org\apache\commons\commons-compress\1.19\commons-compress-1.19.jar;C:\Users\chk017\.m2\repository\com\github\virtuald\curvesapi\1.06\curvesapi-1.06.jar;C:\Users\chk017\.m2\repository\org\apache\maven\surefire\surefire-testng\3.0.0-M5\surefire-testng-3.0.0-M5.jar;C:\Users\chk017\.m2\repository\org\apache\maven\surefire\common-java5\3.0.0-M5\common-java5-3.0.0-M5.jar;C:\Users\chk017\.m2\repository\org\apache\maven\surefire\surefire-testng-utils\3.0.0-M5\surefire-testng-utils-3.0.0-M5.jar;C:\Users\chk017\.m2\repository\org\apache\maven\surefire\surefire-grouper\3.0.0-M5\surefire-grouper-3.0.0-M5.jar"/>
    <property name="java.vm.vendor" value="Oracle Corporation"/>
    <property name="sun.arch.data.model" value="64"/>
    <property name="user.variant" value=""/>
    <property name="java.vendor.url" value="https://java.oracle.com/"/>
    <property name="user.timezone" value="Asia/Calcutta"/>
    <property name="os.name" value="Windows 10"/>
    <property name="java.vm.specification.version" value="22"/>
    <property name="sun.java.launcher" value="SUN_STANDARD"/>
    <property name="user.country" value="IN"/>
    <property name="sun.boot.library.path" value="C:\Program Files\OpenJDK\jdk-22.0.2\bin"/>
    <property name="sun.java.command" value="org.apache.maven.surefire.booter.ForkedBooter C:\Users\chk017\AppData\Local\Temp\surefire1707288465713013134 2025-06-06T14-15-23_686-jvmRun1 surefire9504673420941388068tmp surefire_01494281961965098981tmp"/>
    <property name="jdk.debug" value="release"/>
    <property name="surefire.test.class.path" value="E:\eclipse-workspace\Playwright\target\test-classes;E:\eclipse-workspace\Playwright\target\classes;C:\Users\chk017\.m2\repository\com\microsoft\playwright\playwright\1.51.0\playwright-1.51.0.jar;C:\Users\chk017\.m2\repository\com\google\code\gson\gson\2.12.1\gson-2.12.1.jar;C:\Users\chk017\.m2\repository\com\google\errorprone\error_prone_annotations\2.36.0\error_prone_annotations-2.36.0.jar;C:\Users\chk017\.m2\repository\org\opentest4j\opentest4j\1.3.0\opentest4j-1.3.0.jar;C:\Users\chk017\.m2\repository\com\microsoft\playwright\driver\1.51.0\driver-1.51.0.jar;C:\Users\chk017\.m2\repository\com\microsoft\playwright\driver-bundle\1.51.0\driver-bundle-1.51.0.jar;C:\Users\chk017\.m2\repository\org\testng\testng\7.10.2\testng-7.10.2.jar;C:\Users\chk017\.m2\repository\com\beust\jcommander\1.82\jcommander-1.82.jar;C:\Users\chk017\.m2\repository\org\webjars\jquery\3.7.1\jquery-3.7.1.jar;C:\Users\chk017\.m2\repository\com\aventstack\extentreports\5.1.2\extentreports-5.1.2.jar;C:\Users\chk017\.m2\repository\io\reactivex\rxjava3\rxjava\3.1.6\rxjava-3.1.6.jar;C:\Users\chk017\.m2\repository\org\reactivestreams\reactive-streams\1.0.4\reactive-streams-1.0.4.jar;C:\Users\chk017\.m2\repository\org\freemarker\freemarker\2.3.32\freemarker-2.3.32.jar;C:\Users\chk017\.m2\repository\org\projectlombok\lombok\1.18.26\lombok-1.18.26.jar;C:\Users\chk017\.m2\repository\org\apache\directory\studio\org.apache.commons.io\2.4\org.apache.commons.io-2.4.jar;C:\Users\chk017\.m2\repository\commons-io\commons-io\2.4\commons-io-2.4.jar;C:\Users\chk017\.m2\repository\io\rest-assured\rest-assured\3.1.0\rest-assured-3.1.0.jar;C:\Users\chk017\.m2\repository\org\codehaus\groovy\groovy\2.4.12\groovy-2.4.12.jar;C:\Users\chk017\.m2\repository\org\codehaus\groovy\groovy-xml\2.4.12\groovy-xml-2.4.12.jar;C:\Users\chk017\.m2\repository\org\apache\httpcomponents\httpclient\4.5.3\httpclient-4.5.3.jar;C:\Users\chk017\.m2\repository\org\apache\httpcomponents\httpcore\4.4.6\httpcore-4.4.6.jar;C:\Users\chk017\.m2\repository\commons-logging\commons-logging\1.2\commons-logging-1.2.jar;C:\Users\chk017\.m2\repository\org\apache\httpcomponents\httpmime\4.5.1\httpmime-4.5.1.jar;C:\Users\chk017\.m2\repository\org\hamcrest\hamcrest-core\1.3\hamcrest-core-1.3.jar;C:\Users\chk017\.m2\repository\org\hamcrest\hamcrest-library\1.3\hamcrest-library-1.3.jar;C:\Users\chk017\.m2\repository\org\ccil\cowan\tagsoup\tagsoup\1.2.1\tagsoup-1.2.1.jar;C:\Users\chk017\.m2\repository\io\rest-assured\json-path\3.1.0\json-path-3.1.0.jar;C:\Users\chk017\.m2\repository\org\codehaus\groovy\groovy-json\2.4.12\groovy-json-2.4.12.jar;C:\Users\chk017\.m2\repository\io\rest-assured\rest-assured-common\3.1.0\rest-assured-common-3.1.0.jar;C:\Users\chk017\.m2\repository\io\rest-assured\xml-path\3.1.0\xml-path-3.1.0.jar;C:\Users\chk017\.m2\repository\org\apache\commons\commons-lang3\3.4\commons-lang3-3.4.jar;C:\Users\chk017\.m2\repository\javax\xml\bind\jaxb-api\2.2.12\jaxb-api-2.2.12.jar;C:\Users\chk017\.m2\repository\com\googlecode\json-simple\json-simple\1.1\json-simple-1.1.jar;C:\Users\chk017\.m2\repository\org\sonarsource\scanner\maven\sonar-maven-plugin\3.8.0.2131\sonar-maven-plugin-3.8.0.2131.jar;C:\Users\chk017\.m2\repository\org\sonatype\plexus\plexus-sec-dispatcher\1.4\plexus-sec-dispatcher-1.4.jar;C:\Users\chk017\.m2\repository\org\sonatype\plexus\plexus-cipher\1.4\plexus-cipher-1.4.jar;C:\Users\chk017\.m2\repository\org\codehaus\plexus\plexus-utils\3.2.1\plexus-utils-3.2.1.jar;C:\Users\chk017\.m2\repository\org\sonarsource\scanner\api\sonar-scanner-api\2.16.0.226\sonar-scanner-api-2.16.0.226.jar;C:\Users\chk017\.m2\repository\commons-lang\commons-lang\2.6\commons-lang-2.6.jar;C:\Users\chk017\.m2\repository\org\checkerframework\jdk8\3.3.0\jdk8-3.3.0.jar;C:\Users\chk017\.m2\repository\de\taimos\totp\1.0\totp-1.0.jar;C:\Users\chk017\.m2\repository\commons-codec\commons-codec\1.8\commons-codec-1.8.jar;C:\Users\chk017\.m2\repository\ch\qos\logback\logback-core\1.5.11\logback-core-1.5.11.jar;C:\Users\chk017\.m2\repository\ch\qos\logback\logback-classic\1.5.11\logback-classic-1.5.11.jar;C:\Users\chk017\.m2\repository\org\slf4j\slf4j-api\2.0.16\slf4j-api-2.0.16.jar;C:\Users\chk017\.m2\repository\org\apache\poi\poi\4.1.1\poi-4.1.1.jar;C:\Users\chk017\.m2\repository\org\apache\commons\commons-collections4\4.4\commons-collections4-4.4.jar;C:\Users\chk017\.m2\repository\org\apache\commons\commons-math3\3.6.1\commons-math3-3.6.1.jar;C:\Users\chk017\.m2\repository\com\browserstack\browserstack-local-java\1.0.3\browserstack-local-java-1.0.3.jar;C:\Users\chk017\.m2\repository\org\json\json\20160212\json-20160212.jar;C:\Users\chk017\.m2\repository\net\sourceforge\jexcelapi\jxl\2.6.3\jxl-2.6.3.jar;C:\Users\chk017\.m2\repository\log4j\log4j\1.2.14\log4j-1.2.14.jar;C:\Users\chk017\.m2\repository\org\apache\poi\poi-ooxml\4.1.1\poi-ooxml-4.1.1.jar;C:\Users\chk017\.m2\repository\org\apache\poi\poi-ooxml-schemas\4.1.1\poi-ooxml-schemas-4.1.1.jar;C:\Users\chk017\.m2\repository\org\apache\xmlbeans\xmlbeans\3.1.0\xmlbeans-3.1.0.jar;C:\Users\chk017\.m2\repository\org\apache\commons\commons-compress\1.19\commons-compress-1.19.jar;C:\Users\chk017\.m2\repository\com\github\virtuald\curvesapi\1.06\curvesapi-1.06.jar;"/>
    <property name="sun.cpu.endian" value="little"/>
    <property name="user.home" value="C:\Users\chk017"/>
    <property name="user.language" value="en"/>
    <property name="java.specification.vendor" value="Oracle Corporation"/>
    <property name="java.version.date" value="2024-07-16"/>
    <property name="java.home" value="C:\Program Files\OpenJDK\jdk-22.0.2"/>
    <property name="file.separator" value="\"/>
    <property name="basedir" value="E:\eclipse-workspace\Playwright"/>
    <property name="style.color" value="always"/>
    <property name="java.vm.compressedOopsMode" value="Zero based"/>
    <property name="line.separator" value="&#10;"/>
    <property name="java.vm.specification.vendor" value="Oracle Corporation"/>
    <property name="java.specification.name" value="Java Platform API Specification"/>
    <property name="user.script" value=""/>
    <property name="sun.management.compiler" value="HotSpot 64-Bit Tiered Compilers"/>
    <property name="java.runtime.version" value="22.0.2+9-70"/>
    <property name="user.name" value="chk017"/>
    <property name="stdout.encoding" value="Cp1252"/>
    <property name="path.separator" value=";"/>
    <property name="os.version" value="10.0"/>
    <property name="java.runtime.name" value="OpenJDK Runtime Environment"/>
    <property name="file.encoding" value="UTF-8"/>
    <property name="java.vm.name" value="OpenJDK 64-Bit Server VM"/>
    <property name="localRepository" value="C:\Users\chk017\.m2\repository"/>
    <property name="java.vendor.url.bug" value="https://bugreport.java.com/bugreport/"/>
    <property name="java.io.tmpdir" value="C:\Users\chk017\AppData\Local\Temp\"/>
    <property name="java.version" value="22.0.2"/>
    <property name="user.dir" value="E:\eclipse-workspace\Playwright"/>
    <property name="os.arch" value="amd64"/>
    <property name="java.vm.specification.name" value="Java Virtual Machine Specification"/>
    <property name="sun.os.patch.level" value=""/>
    <property name="native.encoding" value="Cp1252"/>
    <property name="java.library.path" value="C:\Program Files\OpenJDK\jdk-22.0.2\bin;C:\Windows\Sun\Java\bin;C:\Windows\system32;C:\Windows;C:/Users/chk017/eclipse//plugins/org.eclipse.justj.openjdk.hotspot.jre.full.win32.x86_64_21.0.6.v20250130-0529/jre/bin/server;C:/Users/chk017/eclipse//plugins/org.eclipse.justj.openjdk.hotspot.jre.full.win32.x86_64_21.0.6.v20250130-0529/jre/bin;C:\Windows\system32;C:\Windows;C:\Windows\System32\Wbem;C:\Windows\System32\WindowsPowerShell\v1.0\;C:\Windows\System32\OpenSSH\;C:\Program Files\dotnet\;C:\Program Files (x86)\Sennheiser\SoftphoneSDK\;C:\ProgramData\chocolatey\bin;C:\Program Files\Git\cmd;C:\Program Files\Microsoft VS Code\bin;C:\Softwares\apache-maven-3.9.9\bin;C:\Program Files\nodejs\;C:\Program Files\OpenJDK\jdk-22.0.2\bin;C:\Users\chk017\AppData\Local\Programs\Python\Python313\Scripts\;C:\Users\chk017\AppData\Local\Programs\Python\Python313\;C:\Users\chk017\AppData\Local\Microsoft\WindowsApps;C:\Users\chk017\AppData\Roaming\npm;c:\users\chk017\appdata\roaming\python\python313\scripts;c:\users\chk017\.local\bin;C:\Users\chk017\OneDrive - DIYAR UNITED TRAD. &amp; CONT. CO\Desktop;;."/>
    <property name="java.vm.info" value="mixed mode, sharing"/>
    <property name="stderr.encoding" value="Cp1252"/>
    <property name="java.vendor" value="Oracle Corporation"/>
    <property name="java.vm.version" value="22.0.2+9-70"/>
    <property name="sun.io.unicode.encoding" value="UnicodeLittle"/>
    <property name="java.class.version" value="66.0"/>
  </properties>
  <testcase name="sauce_Login" classname="com.CK.Playwright.Scripts.One" time="15.997">
    <system-out><![CDATA[14:15:25,743 |-INFO in ch.qos.logback.classic.LoggerContext[default] - This is logback-classic version 1.5.11
14:15:25,744 |-INFO in ch.qos.logback.classic.util.ContextInitializer@4218d6a3 - No custom configurators were discovered as a service.
14:15:25,744 |-INFO in ch.qos.logback.classic.util.ContextInitializer@4218d6a3 - Trying to configure with ch.qos.logback.classic.joran.SerializedModelConfigurator
14:15:25,745 |-INFO in ch.qos.logback.classic.util.ContextInitializer@4218d6a3 - Constructed configurator of type class ch.qos.logback.classic.joran.SerializedModelConfigurator
14:15:25,749 |-INFO in ch.qos.logback.classic.LoggerContext[default] - Could NOT find resource [logback-test.scmo]
14:15:25,750 |-INFO in ch.qos.logback.classic.LoggerContext[default] - Could NOT find resource [logback.scmo]
14:15:25,757 |-INFO in ch.qos.logback.classic.util.ContextInitializer@4218d6a3 - ch.qos.logback.classic.joran.SerializedModelConfigurator.configure() call lasted 5 milliseconds. ExecutionStatus=INVOKE_NEXT_IF_ANY
14:15:25,757 |-INFO in ch.qos.logback.classic.util.ContextInitializer@4218d6a3 - Trying to configure with ch.qos.logback.classic.util.DefaultJoranConfigurator
14:15:25,757 |-INFO in ch.qos.logback.classic.util.ContextInitializer@4218d6a3 - Constructed configurator of type class ch.qos.logback.classic.util.DefaultJoranConfigurator
14:15:25,758 |-INFO in ch.qos.logback.classic.LoggerContext[default] - Could NOT find resource [logback-test.xml]
14:15:25,762 |-INFO in ch.qos.logback.classic.LoggerContext[default] - Found resource [logback.xml] at [file:/E:/eclipse-workspace/Playwright/target/classes/logback.xml]
14:15:25,888 |-INFO in ch.qos.logback.core.model.processor.AppenderModelHandler - Processing appender named [STDOUT]
14:15:25,888 |-INFO in ch.qos.logback.core.model.processor.AppenderModelHandler - About to instantiate appender of type [ch.qos.logback.core.ConsoleAppender]
14:15:25,894 |-INFO in ch.qos.logback.core.model.processor.ImplicitModelHandler - Assuming default type [ch.qos.logback.classic.encoder.PatternLayoutEncoder] for [encoder] property
14:15:25,926 |-INFO in ch.qos.logback.core.model.processor.AppenderModelHandler - Processing appender named [FILE]
14:15:25,926 |-INFO in ch.qos.logback.core.model.processor.AppenderModelHandler - About to instantiate appender of type [ch.qos.logback.core.FileAppender]
14:15:25,932 |-INFO in ch.qos.logback.core.model.processor.ImplicitModelHandler - Assuming default type [ch.qos.logback.classic.encoder.PatternLayoutEncoder] for [encoder] property
14:15:25,933 |-WARN in ch.qos.logback.core.model.processor.ImplicitModelHandler - Ignoring unknown property [rollingPolicy] in [ch.qos.logback.core.FileAppender]
14:15:25,933 |-INFO in ch.qos.logback.core.FileAppender[FILE] - File property is set to [logs/app.log]
14:15:25,934 |-INFO in ch.qos.logback.classic.model.processor.RootLoggerModelHandler - Setting level of ROOT logger to DEBUG
14:15:25,935 |-INFO in ch.qos.logback.core.model.processor.AppenderRefModelHandler - Attaching appender named [STDOUT] to Logger[ROOT]
14:15:25,935 |-INFO in ch.qos.logback.core.model.processor.AppenderRefModelHandler - Attaching appender named [FILE] to Logger[ROOT]
14:15:25,935 |-INFO in ch.qos.logback.core.model.processor.DefaultProcessor@76505305 - End of configuration.
14:15:25,936 |-INFO in ch.qos.logback.classic.joran.JoranConfigurator@14cd1699 - Registering current configuration as safe fallback point
14:15:25,936 |-INFO in ch.qos.logback.classic.util.ContextInitializer@4218d6a3 - ch.qos.logback.classic.util.DefaultJoranConfigurator.configure() call lasted 179 milliseconds. ExecutionStatus=DO_NOT_INVOKE_NEXT_IF_ANY

2025-06-06 14:15:25 DEBUG org.testng.TestNG - suiteXmlPath: "E:\eclipse-workspace\Playwright\testng.xml"
Execution in BrowserStack : false
 BoolBrowserExtensionRequired : false
2025-06-06 14:15:29 INFO  sauce_Login -  

 <<<<<<<<<<<<<<<<<<<<<<   starting Test  :  sauce_Login  >>>>>>>>>>>>>>>>>>>>>>>
Please fix the white spaces after the physical rows in the sheet : CSMS at the rows : 4
Please fix the white spaces after the physical rows in the sheet : CSMS at the rows : 5
Please fix the white spaces after the physical rows in the sheet : CSMS at the rows : 6
Please fix the white spaces after the physical rows in the sheet : CSMS at the rows : 7
Please fix the white spaces after the physical rows in the sheet : CSMS at the rows : 8
Please fix the white spaces after the physical rows in the sheet : CSMS at the rows : 9
Please fix the white spaces after the physical rows in the sheet : CSMS at the rows : 10
Please fix the white spaces after the physical rows in the sheet : CSMS at the rows : 11
Please fix the white spaces after the physical rows in the sheet : CSMS at the rows : 12
Please fix the white spaces after the physical rows in the sheet : CSMS at the rows : 13
Please fix the white spaces after the physical rows in the sheet : CSMS at the rows : 14
Please fix the white spaces after the physical rows in the sheet : CSMS at the rows : 15
Please fix the white spaces after the physical rows in the sheet : CSMS at the rows : 16
Please fix the white spaces after the physical rows in the sheet : CSMS at the rows : 17
Please fix the white spaces after the physical rows in the sheet : CSMS at the rows : 18
Please fix the white spaces after the physical rows in the sheet : CSMS at the rows : 19
Please fix the white spaces after the physical rows in the sheet : CSMS at the rows : 20
Please fix the white spaces after the physical rows in the sheet : CSMS at the rows : 21
Please fix the white spaces after the physical rows in the sheet : CSMS at the rows : 22
Please fix the white spaces after the physical rows in the sheet : CSMS at the rows : 23
Please fix the white spaces after the physical rows in the sheet : CSMS at the rows : 24
Please fix the white spaces after the physical rows in the sheet : CSMS at the rows : 25
Please fix the white spaces after the physical rows in the sheet : CSMS at the rows : 26
Please fix the white spaces after the physical rows in the sheet : CSMS at the rows : 27
Please fix the white spaces after the physical rows in the sheet : CSMS at the rows : 28
Please fix the white spaces after the physical rows in the sheet : CSMS at the rows : 29
Please fix the white spaces after the physical rows in the sheet : CSMS at the rows : 30
Please fix the white spaces after the physical rows in the sheet : CSMS at the rows : 31
Please fix the white spaces after the physical rows in the sheet : CSMS at the rows : 32
Please fix the white spaces after the physical rows in the sheet : CSMS at the rows : 33
Please fix the white spaces after the physical rows in the sheet : CSMS at the rows : 34
Please fix the white spaces after the physical rows in the sheet : CSMS at the rows : 35
Please fix the white spaces after the physical rows in the sheet : CSMS at the rows : 36
Please fix the white spaces after the physical rows in the sheet : CSMS at the rows : 37
2025-06-06 14:15:30 INFO  sauce_Login - System is retrieving test data...
Test data Keys and Values for script : sauce_Login : 
 [UnitFee=UnitFee, RoleName=RoleName, Username=Username, EnglishTitle=EnglishTitle, TypeId=TypeId, ChargerLevelId=ChargerLevelId, OutputPowerKw=OutputPowerKw, Email=Email, Password=Password, User=User, TestScriptName=TestScriptName, TitleArabic=TitleArabic, BaseFee=BaseFee, NameinEng=NameinEng, ParkingFee=ParkingFee, ArabicTitle=ArabicTitle]
2025-06-06 14:15:35 INFO  sauce_Login - Waiting for 1 seconds
screenshotPath : E:\eclipse-workspace\Playwright\Reports\Images\screenshot.png
2025-06-06 14:15:36 INFO  sauce_Login - Waiting for 1 seconds
login context: 
screenshotPath : E:\eclipse-workspace\Playwright\Reports\Images\screenshot.png
title check : Swag Labs
ProductsLabel text content : Products
2025-06-06 14:15:40 INFO  sauce_Login - Waiting for 3 seconds
2025-06-06 14:15:41 INFO  sauce_Login - Waiting for 1 seconds
2025-06-06 14:15:42 INFO  sauce_Login - Waiting for 1 seconds
2025-06-06 14:15:43 INFO  sauce_Login - Waiting for 1 seconds
2025-06-06 14:15:44 INFO  sauce_Login - Waiting for 1 seconds
2025-06-06 14:15:45 INFO  sauce_Login - Waiting for 1 seconds
2025-06-06 14:15:46 INFO  sauce_Login - Waiting for 1 seconds
Num of Add to Cart buttons : 5
]]></system-out>
  </testcase>
</testsuite>