<?xml version="1.0" encoding="UTF-8"?>
<!-- Generated by org.testng.reporters.JUnitReportReporter -->
<testsuite hostname="IN01B01ZZ3851D" failures="0" tests="1" name="com.CK.Playwright.Scripts.One" time="14.589" errors="0" timestamp="2025-06-05T21:49:41 IST" skipped="0">
  <testcase classname="com.CK.Playwright.Scripts.One" name="sauce_Login" time="14.589"/>
</testsuite> <!-- com.CK.Playwright.Scripts.One -->
