<?xml version="1.0" encoding="UTF-8"?>
<!-- Generated by org.testng.reporters.JUnitReportReporter -->
<testsuite hostname="IN01B01ZZ3851D" failures="0" tests="1" name="com.CK.Playwright.Scripts.One" time="10.551" errors="0" timestamp="2025-05-30T14:07:55 IST" skipped="0">
  <testcase classname="com.CK.Playwright.Scripts.One" name="sauce_Login" time="10.551"/>
</testsuite> <!-- com.CK.Playwright.Scripts.One -->
